

================================================================
== Vivado HLS Report for 'fir'
================================================================
* Date:           Mon Oct 17 01:01:45 2022

* Version:        2020.1 (Build 2897737 on Wed May 27 20:21:37 MDT 2020)
* Project:        optimized1
* Solution:       solution1
* Product family: zynq
* Target device:  xc7z020-clg400-1


================================================================
== Performance Estimates
================================================================
+ Timing: 
    * Summary: 
    +--------+----------+----------+------------+
    |  Clock |  Target  | Estimated| Uncertainty|
    +--------+----------+----------+------------+
    |ap_clk  | 10.00 ns | 8.016 ns |   1.25 ns  |
    +--------+----------+----------+------------+

+ Latency: 
    * Summary: 
    +---------+---------+----------+----------+-----+-----+---------+
    |  Latency (cycles) |  Latency (absolute) |  Interval | Pipeline|
    |   min   |   max   |    min   |    max   | min | max |   Type  |
    +---------+---------+----------+----------+-----+-----+---------+
    |      257|      385| 2.570 us | 3.850 us |  257|  385|   none  |
    +---------+---------+----------+----------+-----+-----+---------+

    + Detail: 
        * Instance: 
        N/A

        * Loop: 
        +--------------------+---------+---------+----------+-----------+-----------+------+----------+
        |                    |  Latency (cycles) | Iteration|  Initiation Interval  | Trip |          |
        |      Loop Name     |   min   |   max   |  Latency |  achieved |   target  | Count| Pipelined|
        +--------------------+---------+---------+----------+-----------+-----------+------+----------+
        |- Shift_Accum_Loop  |      256|      384|   2 ~ 3  |          -|          -|   128|    no    |
        +--------------------+---------+---------+----------+-----------+-----------+------+----------+



================================================================
== Utilization Estimates
================================================================
* Summary: 
+-----------------+---------+-------+--------+-------+-----+
|       Name      | BRAM_18K| DSP48E|   FF   |  LUT  | URAM|
+-----------------+---------+-------+--------+-------+-----+
|DSP              |        -|      -|       -|      -|    -|
|Expression       |        -|      0|       0|    113|    -|
|FIFO             |        -|      -|       -|      -|    -|
|Instance         |        -|      -|       -|      -|    -|
|Memory           |        1|      -|       5|     10|    0|
|Multiplexer      |        -|      -|       -|    114|    -|
|Register         |        -|      -|     113|      -|    -|
+-----------------+---------+-------+--------+-------+-----+
|Total            |        1|      0|     118|    237|    0|
+-----------------+---------+-------+--------+-------+-----+
|Available        |      280|    220|  106400|  53200|    0|
+-----------------+---------+-------+--------+-------+-----+
|Utilization (%)  |    ~0   |      0|   ~0   |   ~0  |    0|
+-----------------+---------+-------+--------+-------+-----+

+ Detail: 
    * Instance: 
    N/A

    * DSP48E: 
    N/A

    * Memory: 
    +---------------+-----------------+---------+---+----+-----+------+-----+------+-------------+
    |     Memory    |      Module     | BRAM_18K| FF| LUT| URAM| Words| Bits| Banks| W*Bits*Banks|
    +---------------+-----------------+---------+---+----+-----+------+-----+------+-------------+
    |c_U            |fir_c            |        0|  5|  10|    0|   128|    5|     1|          640|
    |shift_reg_V_U  |fir_shift_reg_V  |        1|  0|   0|    0|   128|    8|     1|         1024|
    +---------------+-----------------+---------+---+----+-----+------+-----+------+-------------+
    |Total          |                 |        1|  5|  10|    0|   256|   13|     2|         1664|
    +---------------+-----------------+---------+---+----+-----+------+-----+------+-------------+

    * FIFO: 
    N/A

    * Expression: 
    +---------------------+----------+-------+---+----+------------+------------+
    |    Variable Name    | Operation| DSP48E| FF| LUT| Bitwidth P0| Bitwidth P1|
    +---------------------+----------+-------+---+----+------------+------------+
    |ret_V_fu_212_p2      |     *    |      0|  0|  41|           8|           5|
    |acc_V_fu_223_p2      |     +    |      0|  0|  23|          16|          16|
    |add_ln700_fu_167_p2  |     +    |      0|  0|  23|          16|          16|
    |grp_fu_132_p2        |     +    |      0|  0|  15|           8|           2|
    |icmp_ln35_fu_185_p2  |   icmp   |      0|  0|  11|           8|           1|
    +---------------------+----------+-------+---+----+------------+------------+
    |Total                |          |      0|  0| 113|          56|          40|
    +---------------------+----------+-------+---+----+------------+------------+

    * Multiplexer: 
    +-------------------------------+----+-----------+-----+-----------+
    |              Name             | LUT| Input Size| Bits| Total Bits|
    +-------------------------------+----+-----------+-----+-----------+
    |ap_NS_fsm                      |  27|          5|    1|          5|
    |ap_phi_mux_p_pn_phi_fu_126_p4  |   9|          2|   16|         32|
    |grp_fu_132_p0                  |  15|          3|    8|         24|
    |i_0_reg_111                    |   9|          2|    8|         16|
    |p_0513_0_reg_99                |   9|          2|   16|         32|
    |p_pn_reg_123                   |   9|          2|   16|         32|
    |shift_reg_V_address0           |  21|          4|    7|         28|
    |shift_reg_V_d0                 |  15|          3|    8|         24|
    +-------------------------------+----+-----------+-----+-----------+
    |Total                          | 114|         23|   80|        193|
    +-------------------------------+----+-----------+-----+-----------+

    * Register: 
    +--------------------------+----+----+-----+-----------+
    |           Name           | FF | LUT| Bits| Const Bits|
    +--------------------------+----+----+-----+-----------+
    |add_ln700_reg_234         |  15|   0|   16|          1|
    |ap_CS_fsm                 |   4|   0|    4|          0|
    |c_load_reg_266            |   5|   0|    5|          0|
    |i_0_reg_111               |   8|   0|    8|          0|
    |icmp_ln35_reg_242         |   1|   0|    1|          0|
    |p_0513_0_reg_99           |  16|   0|   16|          0|
    |p_pn_reg_123              |  16|   0|   16|          0|
    |shift_reg_V_load_reg_261  |   8|   0|    8|          0|
    |trunc_ln160_reg_229       |   8|   0|    8|          0|
    |zext_ln40_reg_246         |  32|   0|   64|         32|
    +--------------------------+----+----+-----+-----------+
    |Total                     | 113|   0|  146|         33|
    +--------------------------+----+----+-----+-----------+



================================================================
== Interface
================================================================
* Summary: 
+----------+-----+-----+------------+--------------+--------------+
| RTL Ports| Dir | Bits|  Protocol  | Source Object|    C Type    |
+----------+-----+-----+------------+--------------+--------------+
|ap_clk    |  in |    1| ap_ctrl_hs |      fir     | return value |
|ap_rst    |  in |    1| ap_ctrl_hs |      fir     | return value |
|ap_start  |  in |    1| ap_ctrl_hs |      fir     | return value |
|ap_done   | out |    1| ap_ctrl_hs |      fir     | return value |
|ap_idle   | out |    1| ap_ctrl_hs |      fir     | return value |
|ap_ready  | out |    1| ap_ctrl_hs |      fir     | return value |
|y         | out |   32|   ap_vld   |       y      |    pointer   |
|y_ap_vld  | out |    1|   ap_vld   |       y      |    pointer   |
|x         |  in |   32|   ap_none  |       x      |    scalar    |
+----------+-----+-----+------------+--------------+--------------+

